<?xml version="1.0" encoding="UTF-8"?>
<testsuite xmlns:xsi="http://www.w3.org/2001/XMLSchema-instance" xsi:noNamespaceSchemaLocation="https://maven.apache.org/surefire/maven-surefire-plugin/xsd/surefire-test-report.xsd" name="com.lbs.example.employeedirectory.query.test.EmployeeFetcherTest" time="0.008" tests="1" errors="1" skipped="0" failures="0">
  <properties>
    <property name="sun.desktop" value="windows"/>
    <property name="awt.toolkit" value="sun.awt.windows.WToolkit"/>
    <property name="file.encoding.pkg" value="sun.io"/>
    <property name="java.specification.version" value="1.8"/>
    <property name="sun.cpu.isalist" value="amd64"/>
    <property name="sun.jnu.encoding" value="Cp1254"/>
    <property name="java.class.path" value="C:\GitProjects\GraphQLDGS\QueryService\target\test-classes;C:\GitProjects\GraphQLDGS\QueryService\target\classes;c:\.m2\repository\com\lbs\example\employeedirectory\BusinessService\1.0-SNAPSHOT\BusinessService-1.0-SNAPSHOT.jar;c:\.m2\repository\com\lbs\example\employeedirectory\DaoService\1.0-SNAPSHOT\DaoService-1.0-SNAPSHOT.jar;c:\.m2\repository\com\lbs\example\employeedirectory\DomainModel\1.0-SNAPSHOT\DomainModel-1.0-SNAPSHOT.jar;c:\.m2\repository\com\lbs\example\employeedirectory\EntityModel\1.0-SNAPSHOT\EntityModel-1.0-SNAPSHOT.jar;c:\.m2\repository\org\springframework\boot\spring-boot-starter-data-mongodb\2.3.0.RELEASE\spring-boot-starter-data-mongodb-2.3.0.RELEASE.jar;c:\.m2\repository\org\mongodb\mongodb-driver-sync\4.0.3\mongodb-driver-sync-4.0.3.jar;c:\.m2\repository\org\mongodb\bson\4.0.3\bson-4.0.3.jar;c:\.m2\repository\org\mongodb\mongodb-driver-core\4.0.3\mongodb-driver-core-4.0.3.jar;c:\.m2\repository\org\springframework\data\spring-data-mongodb\3.0.0.RELEASE\spring-data-mongodb-3.0.0.RELEASE.jar;c:\.m2\repository\org\springframework\spring-tx\5.2.6.RELEASE\spring-tx-5.2.6.RELEASE.jar;c:\.m2\repository\org\springframework\data\spring-data-commons\2.3.0.RELEASE\spring-data-commons-2.3.0.RELEASE.jar;c:\.m2\repository\javax\persistence\javax.persistence-api\2.2\javax.persistence-api-2.2.jar;c:\.m2\repository\org\modelmapper\extensions\modelmapper-spring\3.0.0\modelmapper-spring-3.0.0.jar;c:\.m2\repository\org\modelmapper\modelmapper\3.0.0\modelmapper-3.0.0.jar;c:\.m2\repository\org\springframework\boot\spring-boot-starter-web\2.3.0.RELEASE\spring-boot-starter-web-2.3.0.RELEASE.jar;c:\.m2\repository\org\springframework\boot\spring-boot-starter\2.3.0.RELEASE\spring-boot-starter-2.3.0.RELEASE.jar;c:\.m2\repository\org\springframework\boot\spring-boot\2.3.0.RELEASE\spring-boot-2.3.0.RELEASE.jar;c:\.m2\repository\org\springframework\boot\spring-boot-autoconfigure\2.3.0.RELEASE\spring-boot-autoconfigure-2.3.0.RELEASE.jar;c:\.m2\repository\org\springframework\boot\spring-boot-starter-logging\2.3.0.RELEASE\spring-boot-starter-logging-2.3.0.RELEASE.jar;c:\.m2\repository\ch\qos\logback\logback-classic\1.2.3\logback-classic-1.2.3.jar;c:\.m2\repository\ch\qos\logback\logback-core\1.2.3\logback-core-1.2.3.jar;c:\.m2\repository\org\apache\logging\log4j\log4j-to-slf4j\2.13.2\log4j-to-slf4j-2.13.2.jar;c:\.m2\repository\org\apache\logging\log4j\log4j-api\2.13.2\log4j-api-2.13.2.jar;c:\.m2\repository\org\slf4j\jul-to-slf4j\1.7.30\jul-to-slf4j-1.7.30.jar;c:\.m2\repository\jakarta\annotation\jakarta.annotation-api\1.3.5\jakarta.annotation-api-1.3.5.jar;c:\.m2\repository\org\yaml\snakeyaml\1.26\snakeyaml-1.26.jar;c:\.m2\repository\org\springframework\boot\spring-boot-starter-json\2.3.0.RELEASE\spring-boot-starter-json-2.3.0.RELEASE.jar;c:\.m2\repository\com\fasterxml\jackson\core\jackson-databind\2.11.0\jackson-databind-2.11.0.jar;c:\.m2\repository\com\fasterxml\jackson\core\jackson-core\2.11.0\jackson-core-2.11.0.jar;c:\.m2\repository\com\fasterxml\jackson\datatype\jackson-datatype-jdk8\2.11.0\jackson-datatype-jdk8-2.11.0.jar;c:\.m2\repository\com\fasterxml\jackson\datatype\jackson-datatype-jsr310\2.11.0\jackson-datatype-jsr310-2.11.0.jar;c:\.m2\repository\com\fasterxml\jackson\module\jackson-module-parameter-names\2.11.0\jackson-module-parameter-names-2.11.0.jar;c:\.m2\repository\org\springframework\boot\spring-boot-starter-tomcat\2.3.0.RELEASE\spring-boot-starter-tomcat-2.3.0.RELEASE.jar;c:\.m2\repository\org\apache\tomcat\embed\tomcat-embed-core\9.0.35\tomcat-embed-core-9.0.35.jar;c:\.m2\repository\org\glassfish\jakarta.el\3.0.3\jakarta.el-3.0.3.jar;c:\.m2\repository\org\apache\tomcat\embed\tomcat-embed-websocket\9.0.35\tomcat-embed-websocket-9.0.35.jar;c:\.m2\repository\org\springframework\spring-web\5.2.6.RELEASE\spring-web-5.2.6.RELEASE.jar;c:\.m2\repository\org\springframework\spring-beans\5.2.6.RELEASE\spring-beans-5.2.6.RELEASE.jar;c:\.m2\repository\org\springframework\spring-webmvc\5.2.6.RELEASE\spring-webmvc-5.2.6.RELEASE.jar;c:\.m2\repository\org\springframework\spring-aop\5.2.6.RELEASE\spring-aop-5.2.6.RELEASE.jar;c:\.m2\repository\org\springframework\spring-context\5.2.6.RELEASE\spring-context-5.2.6.RELEASE.jar;c:\.m2\repository\org\springframework\spring-expression\5.2.6.RELEASE\spring-expression-5.2.6.RELEASE.jar;c:\.m2\repository\com\netflix\graphql\dgs\graphql-dgs-spring-boot-starter\3.11.0\graphql-dgs-spring-boot-starter-3.11.0.jar;c:\.m2\repository\com\netflix\graphql\dgs\graphql-dgs-spring-boot-oss-autoconfigure\3.11.0\graphql-dgs-spring-boot-oss-autoconfigure-3.11.0.jar;c:\.m2\repository\com\netflix\graphql\dgs\graphql-dgs\3.11.0\graphql-dgs-3.11.0.jar;c:\.m2\repository\com\netflix\graphql\dgs\graphql-dgs-mocking\3.11.0\graphql-dgs-mocking-3.11.0.jar;c:\.m2\repository\com\github\javafaker\javafaker\1.0.2\javafaker-1.0.2.jar;c:\.m2\repository\org\apache\commons\commons-lang3\3.10\commons-lang3-3.10.jar;c:\.m2\repository\org\yaml\snakeyaml\1.23\snakeyaml-1.23-android.jar;c:\.m2\repository\com\github\mifmif\generex\1.0.2\generex-1.0.2.jar;c:\.m2\repository\dk\brics\automaton\automaton\1.11-8\automaton-1.11-8.jar;c:\.m2\repository\com\apollographql\federation\federation-graphql-java-support\0.6.3\federation-graphql-java-support-0.6.3.jar;c:\.m2\repository\com\google\protobuf\protobuf-java\3.9.0\protobuf-java-3.9.0.jar;c:\.m2\repository\org\springframework\security\spring-security-core\5.3.2.RELEASE\spring-security-core-5.3.2.RELEASE.jar;c:\.m2\repository\com\netflix\graphql\dgs\graphql-dgs-spring-webmvc\3.11.0\graphql-dgs-spring-webmvc-3.11.0.jar;c:\.m2\repository\org\jetbrains\kotlin\kotlin-reflect\1.3.72\kotlin-reflect-1.3.72.jar;c:\.m2\repository\com\netflix\graphql\dgs\graphql-dgs-spring-webmvc-autoconfigure\3.11.0\graphql-dgs-spring-webmvc-autoconfigure-3.11.0.jar;c:\.m2\repository\jakarta\servlet\jakarta.servlet-api\4.0.3\jakarta.servlet-api-4.0.3.jar;c:\.m2\repository\com\netflix\graphql\dgs\graphql-dgs-client\3.11.0\graphql-dgs-client-3.11.0.jar;c:\.m2\repository\io\projectreactor\reactor-core\3.3.5.RELEASE\reactor-core-3.3.5.RELEASE.jar;c:\.m2\repository\org\reactivestreams\reactive-streams\1.0.3\reactive-streams-1.0.3.jar;c:\.m2\repository\com\fasterxml\jackson\core\jackson-annotations\2.11.0\jackson-annotations-2.11.0.jar;c:\.m2\repository\com\fasterxml\jackson\module\jackson-module-kotlin\2.11.0\jackson-module-kotlin-2.11.0.jar;c:\.m2\repository\com\netflix\graphql\dgs\graphql-error-types\3.11.0\graphql-error-types-3.11.0.jar;c:\.m2\repository\com\graphql-java\graphql-java\16.2\graphql-java-16.2.jar;c:\.m2\repository\com\graphql-java\java-dataloader\2.2.3\java-dataloader-2.2.3.jar;c:\.m2\repository\org\antlr\antlr4-runtime\4.8\antlr4-runtime-4.8.jar;c:\.m2\repository\org\jetbrains\kotlin\kotlin-stdlib-jdk8\1.3.72\kotlin-stdlib-jdk8-1.3.72.jar;c:\.m2\repository\org\jetbrains\kotlin\kotlin-stdlib\1.3.72\kotlin-stdlib-1.3.72.jar;c:\.m2\repository\org\jetbrains\kotlin\kotlin-stdlib-common\1.3.72\kotlin-stdlib-common-1.3.72.jar;c:\.m2\repository\org\jetbrains\annotations\13.0\annotations-13.0.jar;c:\.m2\repository\org\jetbrains\kotlin\kotlin-stdlib-jdk7\1.3.72\kotlin-stdlib-jdk7-1.3.72.jar;c:\.m2\repository\org\springframework\boot\spring-boot-starter-websocket\2.3.0.RELEASE\spring-boot-starter-websocket-2.3.0.RELEASE.jar;c:\.m2\repository\org\springframework\spring-messaging\5.2.6.RELEASE\spring-messaging-5.2.6.RELEASE.jar;c:\.m2\repository\org\springframework\spring-websocket\5.2.6.RELEASE\spring-websocket-5.2.6.RELEASE.jar;c:\.m2\repository\org\springframework\boot\spring-boot-starter-test\2.3.0.RELEASE\spring-boot-starter-test-2.3.0.RELEASE.jar;c:\.m2\repository\org\springframework\boot\spring-boot-test\2.3.0.RELEASE\spring-boot-test-2.3.0.RELEASE.jar;c:\.m2\repository\org\springframework\boot\spring-boot-test-autoconfigure\2.3.0.RELEASE\spring-boot-test-autoconfigure-2.3.0.RELEASE.jar;c:\.m2\repository\com\jayway\jsonpath\json-path\2.4.0\json-path-2.4.0.jar;c:\.m2\repository\net\minidev\json-smart\2.3\json-smart-2.3.jar;c:\.m2\repository\net\minidev\accessors-smart\1.2\accessors-smart-1.2.jar;c:\.m2\repository\org\ow2\asm\asm\5.0.4\asm-5.0.4.jar;c:\.m2\repository\org\slf4j\slf4j-api\1.7.30\slf4j-api-1.7.30.jar;c:\.m2\repository\jakarta\xml\bind\jakarta.xml.bind-api\2.3.3\jakarta.xml.bind-api-2.3.3.jar;c:\.m2\repository\jakarta\activation\jakarta.activation-api\1.2.2\jakarta.activation-api-1.2.2.jar;c:\.m2\repository\org\assertj\assertj-core\3.16.1\assertj-core-3.16.1.jar;c:\.m2\repository\org\hamcrest\hamcrest\2.2\hamcrest-2.2.jar;c:\.m2\repository\org\junit\jupiter\junit-jupiter\5.6.2\junit-jupiter-5.6.2.jar;c:\.m2\repository\org\junit\jupiter\junit-jupiter-api\5.6.2\junit-jupiter-api-5.6.2.jar;c:\.m2\repository\org\opentest4j\opentest4j\1.2.0\opentest4j-1.2.0.jar;c:\.m2\repository\org\junit\platform\junit-platform-commons\1.6.2\junit-platform-commons-1.6.2.jar;c:\.m2\repository\org\junit\jupiter\junit-jupiter-params\5.6.2\junit-jupiter-params-5.6.2.jar;c:\.m2\repository\org\junit\jupiter\junit-jupiter-engine\5.6.2\junit-jupiter-engine-5.6.2.jar;c:\.m2\repository\org\junit\vintage\junit-vintage-engine\5.6.2\junit-vintage-engine-5.6.2.jar;c:\.m2\repository\org\apiguardian\apiguardian-api\1.1.0\apiguardian-api-1.1.0.jar;c:\.m2\repository\org\junit\platform\junit-platform-engine\1.6.2\junit-platform-engine-1.6.2.jar;c:\.m2\repository\junit\junit\4.13\junit-4.13.jar;c:\.m2\repository\org\mockito\mockito-core\3.3.3\mockito-core-3.3.3.jar;c:\.m2\repository\net\bytebuddy\byte-buddy\1.10.10\byte-buddy-1.10.10.jar;c:\.m2\repository\net\bytebuddy\byte-buddy-agent\1.10.10\byte-buddy-agent-1.10.10.jar;c:\.m2\repository\org\objenesis\objenesis\2.6\objenesis-2.6.jar;c:\.m2\repository\org\mockito\mockito-junit-jupiter\3.3.3\mockito-junit-jupiter-3.3.3.jar;c:\.m2\repository\org\skyscreamer\jsonassert\1.5.0\jsonassert-1.5.0.jar;c:\.m2\repository\com\vaadin\external\google\android-json\0.0.20131108.vaadin1\android-json-0.0.20131108.vaadin1.jar;c:\.m2\repository\org\springframework\spring-core\5.2.6.RELEASE\spring-core-5.2.6.RELEASE.jar;c:\.m2\repository\org\springframework\spring-jcl\5.2.6.RELEASE\spring-jcl-5.2.6.RELEASE.jar;c:\.m2\repository\org\springframework\spring-test\5.2.6.RELEASE\spring-test-5.2.6.RELEASE.jar;c:\.m2\repository\org\xmlunit\xmlunit-core\2.7.0\xmlunit-core-2.7.0.jar;"/>
    <property name="java.vm.vendor" value="Oracle Corporation"/>
    <property name="sun.arch.data.model" value="64"/>
    <property name="user.variant" value=""/>
    <property name="java.vendor.url" value="http://java.oracle.com/"/>
    <property name="user.timezone" value="Asia/Istanbul"/>
    <property name="java.vm.specification.version" value="1.8"/>
    <property name="os.name" value="Windows 10"/>
    <property name="user.country" value="GB"/>
    <property name="sun.java.launcher" value="SUN_STANDARD"/>
    <property name="sun.boot.library.path" value="C:\Program Files\Java\jdk1.8.0_241\jre\bin"/>
    <property name="sun.java.command" value="C:\Users\ERMAN~1.KAY\AppData\Local\Temp\surefire284118707262909568\surefirebooter4077975947798215587.jar C:\Users\erman.kaygusuzer\AppData\Local\Temp\surefire284118707262909568 2022-06-24T13-39-57_887-jvmRun1 surefire6253596947042040764tmp surefire_03016418504128394409tmp"/>
    <property name="surefire.test.class.path" value="C:\GitProjects\GraphQLDGS\QueryService\target\test-classes;C:\GitProjects\GraphQLDGS\QueryService\target\classes;c:\.m2\repository\com\lbs\example\employeedirectory\BusinessService\1.0-SNAPSHOT\BusinessService-1.0-SNAPSHOT.jar;c:\.m2\repository\com\lbs\example\employeedirectory\DaoService\1.0-SNAPSHOT\DaoService-1.0-SNAPSHOT.jar;c:\.m2\repository\com\lbs\example\employeedirectory\DomainModel\1.0-SNAPSHOT\DomainModel-1.0-SNAPSHOT.jar;c:\.m2\repository\com\lbs\example\employeedirectory\EntityModel\1.0-SNAPSHOT\EntityModel-1.0-SNAPSHOT.jar;c:\.m2\repository\org\springframework\boot\spring-boot-starter-data-mongodb\2.3.0.RELEASE\spring-boot-starter-data-mongodb-2.3.0.RELEASE.jar;c:\.m2\repository\org\mongodb\mongodb-driver-sync\4.0.3\mongodb-driver-sync-4.0.3.jar;c:\.m2\repository\org\mongodb\bson\4.0.3\bson-4.0.3.jar;c:\.m2\repository\org\mongodb\mongodb-driver-core\4.0.3\mongodb-driver-core-4.0.3.jar;c:\.m2\repository\org\springframework\data\spring-data-mongodb\3.0.0.RELEASE\spring-data-mongodb-3.0.0.RELEASE.jar;c:\.m2\repository\org\springframework\spring-tx\5.2.6.RELEASE\spring-tx-5.2.6.RELEASE.jar;c:\.m2\repository\org\springframework\data\spring-data-commons\2.3.0.RELEASE\spring-data-commons-2.3.0.RELEASE.jar;c:\.m2\repository\javax\persistence\javax.persistence-api\2.2\javax.persistence-api-2.2.jar;c:\.m2\repository\org\modelmapper\extensions\modelmapper-spring\3.0.0\modelmapper-spring-3.0.0.jar;c:\.m2\repository\org\modelmapper\modelmapper\3.0.0\modelmapper-3.0.0.jar;c:\.m2\repository\org\springframework\boot\spring-boot-starter-web\2.3.0.RELEASE\spring-boot-starter-web-2.3.0.RELEASE.jar;c:\.m2\repository\org\springframework\boot\spring-boot-starter\2.3.0.RELEASE\spring-boot-starter-2.3.0.RELEASE.jar;c:\.m2\repository\org\springframework\boot\spring-boot\2.3.0.RELEASE\spring-boot-2.3.0.RELEASE.jar;c:\.m2\repository\org\springframework\boot\spring-boot-autoconfigure\2.3.0.RELEASE\spring-boot-autoconfigure-2.3.0.RELEASE.jar;c:\.m2\repository\org\springframework\boot\spring-boot-starter-logging\2.3.0.RELEASE\spring-boot-starter-logging-2.3.0.RELEASE.jar;c:\.m2\repository\ch\qos\logback\logback-classic\1.2.3\logback-classic-1.2.3.jar;c:\.m2\repository\ch\qos\logback\logback-core\1.2.3\logback-core-1.2.3.jar;c:\.m2\repository\org\apache\logging\log4j\log4j-to-slf4j\2.13.2\log4j-to-slf4j-2.13.2.jar;c:\.m2\repository\org\apache\logging\log4j\log4j-api\2.13.2\log4j-api-2.13.2.jar;c:\.m2\repository\org\slf4j\jul-to-slf4j\1.7.30\jul-to-slf4j-1.7.30.jar;c:\.m2\repository\jakarta\annotation\jakarta.annotation-api\1.3.5\jakarta.annotation-api-1.3.5.jar;c:\.m2\repository\org\yaml\snakeyaml\1.26\snakeyaml-1.26.jar;c:\.m2\repository\org\springframework\boot\spring-boot-starter-json\2.3.0.RELEASE\spring-boot-starter-json-2.3.0.RELEASE.jar;c:\.m2\repository\com\fasterxml\jackson\core\jackson-databind\2.11.0\jackson-databind-2.11.0.jar;c:\.m2\repository\com\fasterxml\jackson\core\jackson-core\2.11.0\jackson-core-2.11.0.jar;c:\.m2\repository\com\fasterxml\jackson\datatype\jackson-datatype-jdk8\2.11.0\jackson-datatype-jdk8-2.11.0.jar;c:\.m2\repository\com\fasterxml\jackson\datatype\jackson-datatype-jsr310\2.11.0\jackson-datatype-jsr310-2.11.0.jar;c:\.m2\repository\com\fasterxml\jackson\module\jackson-module-parameter-names\2.11.0\jackson-module-parameter-names-2.11.0.jar;c:\.m2\repository\org\springframework\boot\spring-boot-starter-tomcat\2.3.0.RELEASE\spring-boot-starter-tomcat-2.3.0.RELEASE.jar;c:\.m2\repository\org\apache\tomcat\embed\tomcat-embed-core\9.0.35\tomcat-embed-core-9.0.35.jar;c:\.m2\repository\org\glassfish\jakarta.el\3.0.3\jakarta.el-3.0.3.jar;c:\.m2\repository\org\apache\tomcat\embed\tomcat-embed-websocket\9.0.35\tomcat-embed-websocket-9.0.35.jar;c:\.m2\repository\org\springframework\spring-web\5.2.6.RELEASE\spring-web-5.2.6.RELEASE.jar;c:\.m2\repository\org\springframework\spring-beans\5.2.6.RELEASE\spring-beans-5.2.6.RELEASE.jar;c:\.m2\repository\org\springframework\spring-webmvc\5.2.6.RELEASE\spring-webmvc-5.2.6.RELEASE.jar;c:\.m2\repository\org\springframework\spring-aop\5.2.6.RELEASE\spring-aop-5.2.6.RELEASE.jar;c:\.m2\repository\org\springframework\spring-context\5.2.6.RELEASE\spring-context-5.2.6.RELEASE.jar;c:\.m2\repository\org\springframework\spring-expression\5.2.6.RELEASE\spring-expression-5.2.6.RELEASE.jar;c:\.m2\repository\com\netflix\graphql\dgs\graphql-dgs-spring-boot-starter\3.11.0\graphql-dgs-spring-boot-starter-3.11.0.jar;c:\.m2\repository\com\netflix\graphql\dgs\graphql-dgs-spring-boot-oss-autoconfigure\3.11.0\graphql-dgs-spring-boot-oss-autoconfigure-3.11.0.jar;c:\.m2\repository\com\netflix\graphql\dgs\graphql-dgs\3.11.0\graphql-dgs-3.11.0.jar;c:\.m2\repository\com\netflix\graphql\dgs\graphql-dgs-mocking\3.11.0\graphql-dgs-mocking-3.11.0.jar;c:\.m2\repository\com\github\javafaker\javafaker\1.0.2\javafaker-1.0.2.jar;c:\.m2\repository\org\apache\commons\commons-lang3\3.10\commons-lang3-3.10.jar;c:\.m2\repository\org\yaml\snakeyaml\1.23\snakeyaml-1.23-android.jar;c:\.m2\repository\com\github\mifmif\generex\1.0.2\generex-1.0.2.jar;c:\.m2\repository\dk\brics\automaton\automaton\1.11-8\automaton-1.11-8.jar;c:\.m2\repository\com\apollographql\federation\federation-graphql-java-support\0.6.3\federation-graphql-java-support-0.6.3.jar;c:\.m2\repository\com\google\protobuf\protobuf-java\3.9.0\protobuf-java-3.9.0.jar;c:\.m2\repository\org\springframework\security\spring-security-core\5.3.2.RELEASE\spring-security-core-5.3.2.RELEASE.jar;c:\.m2\repository\com\netflix\graphql\dgs\graphql-dgs-spring-webmvc\3.11.0\graphql-dgs-spring-webmvc-3.11.0.jar;c:\.m2\repository\org\jetbrains\kotlin\kotlin-reflect\1.3.72\kotlin-reflect-1.3.72.jar;c:\.m2\repository\com\netflix\graphql\dgs\graphql-dgs-spring-webmvc-autoconfigure\3.11.0\graphql-dgs-spring-webmvc-autoconfigure-3.11.0.jar;c:\.m2\repository\jakarta\servlet\jakarta.servlet-api\4.0.3\jakarta.servlet-api-4.0.3.jar;c:\.m2\repository\com\netflix\graphql\dgs\graphql-dgs-client\3.11.0\graphql-dgs-client-3.11.0.jar;c:\.m2\repository\io\projectreactor\reactor-core\3.3.5.RELEASE\reactor-core-3.3.5.RELEASE.jar;c:\.m2\repository\org\reactivestreams\reactive-streams\1.0.3\reactive-streams-1.0.3.jar;c:\.m2\repository\com\fasterxml\jackson\core\jackson-annotations\2.11.0\jackson-annotations-2.11.0.jar;c:\.m2\repository\com\fasterxml\jackson\module\jackson-module-kotlin\2.11.0\jackson-module-kotlin-2.11.0.jar;c:\.m2\repository\com\netflix\graphql\dgs\graphql-error-types\3.11.0\graphql-error-types-3.11.0.jar;c:\.m2\repository\com\graphql-java\graphql-java\16.2\graphql-java-16.2.jar;c:\.m2\repository\com\graphql-java\java-dataloader\2.2.3\java-dataloader-2.2.3.jar;c:\.m2\repository\org\antlr\antlr4-runtime\4.8\antlr4-runtime-4.8.jar;c:\.m2\repository\org\jetbrains\kotlin\kotlin-stdlib-jdk8\1.3.72\kotlin-stdlib-jdk8-1.3.72.jar;c:\.m2\repository\org\jetbrains\kotlin\kotlin-stdlib\1.3.72\kotlin-stdlib-1.3.72.jar;c:\.m2\repository\org\jetbrains\kotlin\kotlin-stdlib-common\1.3.72\kotlin-stdlib-common-1.3.72.jar;c:\.m2\repository\org\jetbrains\annotations\13.0\annotations-13.0.jar;c:\.m2\repository\org\jetbrains\kotlin\kotlin-stdlib-jdk7\1.3.72\kotlin-stdlib-jdk7-1.3.72.jar;c:\.m2\repository\org\springframework\boot\spring-boot-starter-websocket\2.3.0.RELEASE\spring-boot-starter-websocket-2.3.0.RELEASE.jar;c:\.m2\repository\org\springframework\spring-messaging\5.2.6.RELEASE\spring-messaging-5.2.6.RELEASE.jar;c:\.m2\repository\org\springframework\spring-websocket\5.2.6.RELEASE\spring-websocket-5.2.6.RELEASE.jar;c:\.m2\repository\org\springframework\boot\spring-boot-starter-test\2.3.0.RELEASE\spring-boot-starter-test-2.3.0.RELEASE.jar;c:\.m2\repository\org\springframework\boot\spring-boot-test\2.3.0.RELEASE\spring-boot-test-2.3.0.RELEASE.jar;c:\.m2\repository\org\springframework\boot\spring-boot-test-autoconfigure\2.3.0.RELEASE\spring-boot-test-autoconfigure-2.3.0.RELEASE.jar;c:\.m2\repository\com\jayway\jsonpath\json-path\2.4.0\json-path-2.4.0.jar;c:\.m2\repository\net\minidev\json-smart\2.3\json-smart-2.3.jar;c:\.m2\repository\net\minidev\accessors-smart\1.2\accessors-smart-1.2.jar;c:\.m2\repository\org\ow2\asm\asm\5.0.4\asm-5.0.4.jar;c:\.m2\repository\org\slf4j\slf4j-api\1.7.30\slf4j-api-1.7.30.jar;c:\.m2\repository\jakarta\xml\bind\jakarta.xml.bind-api\2.3.3\jakarta.xml.bind-api-2.3.3.jar;c:\.m2\repository\jakarta\activation\jakarta.activation-api\1.2.2\jakarta.activation-api-1.2.2.jar;c:\.m2\repository\org\assertj\assertj-core\3.16.1\assertj-core-3.16.1.jar;c:\.m2\repository\org\hamcrest\hamcrest\2.2\hamcrest-2.2.jar;c:\.m2\repository\org\junit\jupiter\junit-jupiter\5.6.2\junit-jupiter-5.6.2.jar;c:\.m2\repository\org\junit\jupiter\junit-jupiter-api\5.6.2\junit-jupiter-api-5.6.2.jar;c:\.m2\repository\org\opentest4j\opentest4j\1.2.0\opentest4j-1.2.0.jar;c:\.m2\repository\org\junit\platform\junit-platform-commons\1.6.2\junit-platform-commons-1.6.2.jar;c:\.m2\repository\org\junit\jupiter\junit-jupiter-params\5.6.2\junit-jupiter-params-5.6.2.jar;c:\.m2\repository\org\junit\jupiter\junit-jupiter-engine\5.6.2\junit-jupiter-engine-5.6.2.jar;c:\.m2\repository\org\junit\vintage\junit-vintage-engine\5.6.2\junit-vintage-engine-5.6.2.jar;c:\.m2\repository\org\apiguardian\apiguardian-api\1.1.0\apiguardian-api-1.1.0.jar;c:\.m2\repository\org\junit\platform\junit-platform-engine\1.6.2\junit-platform-engine-1.6.2.jar;c:\.m2\repository\junit\junit\4.13\junit-4.13.jar;c:\.m2\repository\org\mockito\mockito-core\3.3.3\mockito-core-3.3.3.jar;c:\.m2\repository\net\bytebuddy\byte-buddy\1.10.10\byte-buddy-1.10.10.jar;c:\.m2\repository\net\bytebuddy\byte-buddy-agent\1.10.10\byte-buddy-agent-1.10.10.jar;c:\.m2\repository\org\objenesis\objenesis\2.6\objenesis-2.6.jar;c:\.m2\repository\org\mockito\mockito-junit-jupiter\3.3.3\mockito-junit-jupiter-3.3.3.jar;c:\.m2\repository\org\skyscreamer\jsonassert\1.5.0\jsonassert-1.5.0.jar;c:\.m2\repository\com\vaadin\external\google\android-json\0.0.20131108.vaadin1\android-json-0.0.20131108.vaadin1.jar;c:\.m2\repository\org\springframework\spring-core\5.2.6.RELEASE\spring-core-5.2.6.RELEASE.jar;c:\.m2\repository\org\springframework\spring-jcl\5.2.6.RELEASE\spring-jcl-5.2.6.RELEASE.jar;c:\.m2\repository\org\springframework\spring-test\5.2.6.RELEASE\spring-test-5.2.6.RELEASE.jar;c:\.m2\repository\org\xmlunit\xmlunit-core\2.7.0\xmlunit-core-2.7.0.jar;"/>
    <property name="sun.cpu.endian" value="little"/>
    <property name="user.home" value="C:\Users\erman.kaygusuzer"/>
    <property name="user.language" value="en"/>
    <property name="java.specification.vendor" value="Oracle Corporation"/>
    <property name="java.home" value="C:\Program Files\Java\jdk1.8.0_241\jre"/>
    <property name="basedir" value="C:\GitProjects\GraphQLDGS\QueryService"/>
    <property name="file.separator" value="\"/>
    <property name="line.separator" value="&#10;"/>
    <property name="java.vm.specification.vendor" value="Oracle Corporation"/>
    <property name="java.specification.name" value="Java Platform API Specification"/>
    <property name="java.awt.graphicsenv" value="sun.awt.Win32GraphicsEnvironment"/>
    <property name="surefire.real.class.path" value="C:\Users\ERMAN~1.KAY\AppData\Local\Temp\surefire284118707262909568\surefirebooter4077975947798215587.jar"/>
    <property name="sun.boot.class.path" value="C:\Program Files\Java\jdk1.8.0_241\jre\lib\resources.jar;C:\Program Files\Java\jdk1.8.0_241\jre\lib\rt.jar;C:\Program Files\Java\jdk1.8.0_241\jre\lib\sunrsasign.jar;C:\Program Files\Java\jdk1.8.0_241\jre\lib\jsse.jar;C:\Program Files\Java\jdk1.8.0_241\jre\lib\jce.jar;C:\Program Files\Java\jdk1.8.0_241\jre\lib\charsets.jar;C:\Program Files\Java\jdk1.8.0_241\jre\lib\jfr.jar;C:\Program Files\Java\jdk1.8.0_241\jre\classes"/>
    <property name="user.script" value=""/>
    <property name="sun.management.compiler" value="HotSpot 64-Bit Tiered Compilers"/>
    <property name="java.runtime.version" value="1.8.0_241-b07"/>
    <property name="user.name" value="Erman.Kaygusuzer"/>
    <property name="path.separator" value=";"/>
    <property name="os.version" value="10.0"/>
    <property name="java.endorsed.dirs" value="C:\Program Files\Java\jdk1.8.0_241\jre\lib\endorsed"/>
    <property name="java.runtime.name" value="Java(TM) SE Runtime Environment"/>
    <property name="file.encoding" value="Cp1254"/>
    <property name="java.vm.name" value="Java HotSpot(TM) 64-Bit Server VM"/>
    <property name="localRepository" value="c:\.m2\repository"/>
    <property name="java.vendor.url.bug" value="http://bugreport.sun.com/bugreport/"/>
    <property name="java.io.tmpdir" value="C:\Users\ERMAN~1.KAY\AppData\Local\Temp\"/>
    <property name="java.version" value="1.8.0_241"/>
    <property name="user.dir" value="C:\GitProjects\GraphQLDGS\QueryService"/>
    <property name="os.arch" value="amd64"/>
    <property name="java.vm.specification.name" value="Java Virtual Machine Specification"/>
    <property name="java.awt.printerjob" value="sun.awt.windows.WPrinterJob"/>
    <property name="sun.os.patch.level" value=""/>
    <property name="java.library.path" value="C:\Program Files\Java\jdk1.8.0_241\jre\bin;C:\WINDOWS\Sun\Java\bin;C:\WINDOWS\system32;C:\WINDOWS;C:\Program Files\Common Files\Oracle\Java\javapath;C:\Program Files (x86)\Common Files\Oracle\Java\javapath;C:\WINDOWS\system32;C:\WINDOWS;C:\WINDOWS\System32\Wbem;C:\WINDOWS\System32\WindowsPowerShell\v1.0\;C:\WINDOWS\System32\OpenSSH\;C:\Program Files\Git\cmd;C:\Program Files\Docker\Docker\resources\bin;C:\ProgramData\DockerDesktop\version-bin;C:\Program Files\nodejs\;C:\Program Files\JetBrains\IntelliJ IDEA 2019.3.2\plugins\maven\lib\maven3\bin;C:\Program Files\Java\jdk1.8.0_241\bin;C:\Program Files\Amazon\AWSCLIV2\;C:\ProgramData\chocolatey\bin;C:\Users\erman.kaygusuzer\AppData\Local\Microsoft\WindowsApps;;C:\Program Files\JetBrains\IntelliJ IDEA 2019.3.2\bin;;C:\Users\erman.kaygusuzer\AppData\Roaming\npm;."/>
    <property name="idea.version2019.3.2" value="true"/>
    <property name="java.vm.info" value="mixed mode"/>
    <property name="java.vendor" value="Oracle Corporation"/>
    <property name="java.vm.version" value="25.241-b07"/>
    <property name="java.ext.dirs" value="C:\Program Files\Java\jdk1.8.0_241\jre\lib\ext;C:\WINDOWS\Sun\Java\lib\ext"/>
    <property name="sun.io.unicode.encoding" value="UnicodeLittle"/>
    <property name="java.class.version" value="52.0"/>
  </properties>
  <testcase name="employees" classname="com.lbs.example.employeedirectory.query.test.EmployeeFetcherTest" time="0.006">
    <error type="java.lang.NullPointerException">java.lang.NullPointerException
	at com.lbs.example.employeedirectory.query.test.EmployeeFetcherTest.employees(EmployeeFetcherTest.java:23)
</error>
  </testcase>
</testsuite>